  Customer.c
C:\Users\talsh\OneDrive\Desktop\Files\Electrical Engineering Degree - HiT Institute of Technology\Year 3\מעבדה מתקדמת בתכנות\clothing_store\clothing_store\Customer.c(392,47): warning C4996: 'strdup': The POSIX name for this item is deprecated. Instead, use the ISO C and C++ conformant name: _strdup. See online help for details.
C:\Users\talsh\OneDrive\Desktop\Files\Electrical Engineering Degree - HiT Institute of Technology\Year 3\מעבדה מתקדמת בתכנות\clothing_store\clothing_store\Customer.c(394,49): warning C4996: 'strdup': The POSIX name for this item is deprecated. Instead, use the ISO C and C++ conformant name: _strdup. See online help for details.
C:\Users\talsh\OneDrive\Desktop\Files\Electrical Engineering Degree - HiT Institute of Technology\Year 3\מעבדה מתקדמת בתכנות\clothing_store\clothing_store\Customer.c(396,53): warning C4996: 'strdup': The POSIX name for this item is deprecated. Instead, use the ISO C and C++ conformant name: _strdup. See online help for details.
C:\Users\talsh\OneDrive\Desktop\Files\Electrical Engineering Degree - HiT Institute of Technology\Year 3\מעבדה מתקדמת בתכנות\clothing_store\clothing_store\Customer.c(507,31): warning C4996: 'strdup': The POSIX name for this item is deprecated. Instead, use the ISO C and C++ conformant name: _strdup. See online help for details.
C:\Users\talsh\OneDrive\Desktop\Files\Electrical Engineering Degree - HiT Institute of Technology\Year 3\מעבדה מתקדמת בתכנות\clothing_store\clothing_store\Customer.c(508,33): warning C4996: 'strdup': The POSIX name for this item is deprecated. Instead, use the ISO C and C++ conformant name: _strdup. See online help for details.
C:\Users\talsh\OneDrive\Desktop\Files\Electrical Engineering Degree - HiT Institute of Technology\Year 3\מעבדה מתקדמת בתכנות\clothing_store\clothing_store\Customer.c(509,37): warning C4996: 'strdup': The POSIX name for this item is deprecated. Instead, use the ISO C and C++ conformant name: _strdup. See online help for details.
C:\Users\talsh\OneDrive\Desktop\Files\Electrical Engineering Degree - HiT Institute of Technology\Year 3\מעבדה מתקדמת בתכנות\clothing_store\clothing_store\Customer.c(537,62): warning C4996: 'strdup': The POSIX name for this item is deprecated. Instead, use the ISO C and C++ conformant name: _strdup. See online help for details.
C:\Users\talsh\OneDrive\Desktop\Files\Electrical Engineering Degree - HiT Institute of Technology\Year 3\מעבדה מתקדמת בתכנות\clothing_store\clothing_store\Customer.c(538,62): warning C4996: 'strdup': The POSIX name for this item is deprecated. Instead, use the ISO C and C++ conformant name: _strdup. See online help for details.
  Employee.c
  Item.c
C:\Users\talsh\OneDrive\Desktop\Files\Electrical Engineering Degree - HiT Institute of Technology\Year 3\מעבדה מתקדמת בתכנות\clothing_store\clothing_store\Item.c(1459,11): warning C4101: 'property': unreferenced local variable
C:\Users\talsh\OneDrive\Desktop\Files\Electrical Engineering Degree - HiT Institute of Technology\Year 3\מעבדה מתקדמת בתכנות\clothing_store\clothing_store\Item.c(1555,21): warning C4133: 'function': incompatible types - from 'char [10]' to 'FILE *'
  StringOperations.c
C:\Users\talsh\OneDrive\Desktop\Files\Electrical Engineering Degree - HiT Institute of Technology\Year 3\מעבדה מתקדמת בתכנות\clothing_store\clothing_store\StringOperations.c(15,16): warning C4996: 'strdup': The POSIX name for this item is deprecated. Instead, use the ISO C and C++ conformant name: _strdup. See online help for details.
C:\Users\talsh\OneDrive\Desktop\Files\Electrical Engineering Degree - HiT Institute of Technology\Year 3\מעבדה מתקדמת בתכנות\clothing_store\clothing_store\StringOperations.c(28,12): warning C4996: 'strdup': The POSIX name for this item is deprecated. Instead, use the ISO C and C++ conformant name: _strdup. See online help for details.
C:\Users\talsh\OneDrive\Desktop\Files\Electrical Engineering Degree - HiT Institute of Technology\Year 3\מעבדה מתקדמת בתכנות\clothing_store\clothing_store\StringOperations.c(199,17): warning C4244: 'function': conversion from 'double' to 'int', possible loss of data
  main.c
  Generating Code...
  clothing_store.vcxproj -> C:\Users\talsh\OneDrive\Desktop\Files\Electrical Engineering Degree - HiT Institute of Technology\Year 3\מעבדה מתקדמת בתכנות\clothing_store\clothing_store\x64\Debug\clothing_store.exe
